#
# There is insufficient memory for the Java Runtime Environment to continue.
# Native memory allocation (mmap) failed to map 134217728 bytes for Failed to commit area from 0x0000000081c00000 to 0x0000000089c00000 of length 134217728.
# Possible reasons:
#   The system is out of physical RAM or swap space
#   The process is running with CompressedOops enabled, and the Java Heap may be blocking the growth of the native heap
# Possible solutions:
#   Reduce memory load on the system
#   Increase physical memory or swap space
#   Check if swap backing store is full
#   Decrease Java heap size (-Xmx/-Xms)
#   Decrease number of Java threads
#   Decrease Java thread stack sizes (-Xss)
#   Set larger code cache with -XX:ReservedCodeCacheSize=
# This output file may be truncated or incomplete.
#
#  Out of Memory Error (c:/BuildAgent/work/1eae4dac1d648407/src/hotspot/os/windows/os_windows.cpp:3296), pid=9736, tid=3268
#
# JRE version:  (11.0.6+8) (build )
# Java VM: OpenJDK 64-Bit Server VM (11.0.6+8-b765.40, mixed mode, sharing, tiered, compressed oops, g1 gc, windows-amd64)
# No core dump will be written. Minidumps are not enabled by default on client versions of Windows
#

---------------  S U M M A R Y ------------

Command Line: org.jetbrains.git4idea.http.GitAskPassApp Username for 'https://gitee.com': 

Host: Intel(R) Core(TM) i5-9400 CPU @ 2.90GHz, 6 cores, 7G,  Windows 10 , 64 bit Build 19041 (10.0.19041.804)
Time: Mon Apr  5 18:11:48 2021 中国标准时间 elapsed time: 0 seconds (0d 0h 0m 0s)

---------------  T H R E A D  ---------------

Current thread (0x0000024b6301a800):  JavaThread "Unknown thread" [_thread_in_vm, id=3268, stack(0x0000005d5e800000,0x0000005d5e900000)]

Stack: [0x0000005d5e800000,0x0000005d5e900000]
Native frames: (J=compiled Java code, j=interpreted, Vv=VM code, C=native code)
V  [jvm.dll+0x5ddf9a]
V  [jvm.dll+0x710ae5]
V  [jvm.dll+0x712005]
V  [jvm.dll+0x7126b3]
V  [jvm.dll+0x23e718]
V  [jvm.dll+0x5db444]
V  [jvm.dll+0x5d0675]
V  [jvm.dll+0x2faf1b]
V  [jvm.dll+0x2fae8a]
V  [jvm.dll+0x2fad62]
V  [jvm.dll+0x2ffc36]
V  [jvm.dll+0x3484e3]
V  [jvm.dll+0x348be6]
V  [jvm.dll+0x3485e3]
V  [jvm.dll+0x2d5938]
V  [jvm.dll+0x2d6ad7]
V  [jvm.dll+0x6ef8a7]
V  [jvm.dll+0x6f109c]
V  [jvm.dll+0x355b29]
V  [jvm.dll+0x6d4a7e]
V  [jvm.dll+0x3bf053]
V  [jvm.dll+0x3c15d1]
C  [jli.dll+0x5363]
C  [ucrtbase.dll+0x21bb2]
C  [KERNEL32.DLL+0x17034]
C  [ntdll.dll+0x52651]


---------------  P R O C E S S  ---------------

Threads class SMR info:
_java_thread_list=0x0000024b61642ca0, length=0, elements={
}

Java Threads: ( => current thread )

Other Threads:
  0x0000024b63036800 GCTaskThread "GC Thread#0" [stack: 0x0000005d5e900000,0x0000005d5ea00000] [id=14428]
  0x0000024b63066800 ConcurrentGCThread "G1 Main Marker" [stack: 0x0000005d5ea00000,0x0000005d5eb00000] [id=19764]
  0x0000024b63068000 ConcurrentGCThread "G1 Conc#0" [stack: 0x0000005d5eb00000,0x0000005d5ec00000] [id=19132]

[error occurred during error reporting (printing all threads), id 0xc0000005, EXCEPTION_ACCESS_VIOLATION (0xc0000005) at pc=0x00007ff93d0e6047]

VM state:not at safepoint (not fully initialized)

VM Mutex/Monitor currently owned by a thread:  ([mutex/lock_event])
[0x0000024b63015df0] Heap_lock - owner thread: 0x0000024b6301a800

Heap address: 0x0000000081c00000, size: 2020 MB, Compressed Oops mode: Non-zero based: 0x0000000081c00000
Narrow klass base: 0x0000000000000000, Narrow klass shift: 0

GC Heap History (0 events):
No events

Deoptimization events (0 events):
No events

Classes redefined (0 events):
No events

Internal exceptions (0 events):
No events

Events (2 events):
Event: 0.007 Loaded shared library D:\Program Files\JetBrains\IntelliJ IDEA 2020.1.1\jbr\bin\zip.dll
Event: 0.008 Loaded shared library D:\Program Files\JetBrains\IntelliJ IDEA 2020.1.1\jbr\bin\jimage.dll


Dynamic libraries:
0x00007ff60b150000 - 0x00007ff60b15a000 	D:\Program Files\JetBrains\IntelliJ IDEA 2020.1.1\jbr\bin\java.exe
0x00007ff982350000 - 0x00007ff982545000 	C:\WINDOWS\SYSTEM32\ntdll.dll
0x00007ff9821a0000 - 0x00007ff98225d000 	C:\WINDOWS\System32\KERNEL32.DLL
0x00007ff9800e0000 - 0x00007ff9803a9000 	C:\WINDOWS\System32\KERNELBASE.dll
0x00007ff97ff30000 - 0x00007ff980030000 	C:\WINDOWS\System32\ucrtbase.dll
0x00007ff96ca80000 - 0x00007ff96ca99000 	D:\Program Files\JetBrains\IntelliJ IDEA 2020.1.1\jbr\bin\jli.dll
0x00007ff970280000 - 0x00007ff970297000 	D:\Program Files\JetBrains\IntelliJ IDEA 2020.1.1\jbr\bin\VCRUNTIME140.dll
0x00007ff9814d0000 - 0x00007ff981670000 	C:\WINDOWS\System32\USER32.dll
0x00007ff980030000 - 0x00007ff980052000 	C:\WINDOWS\System32\win32u.dll
0x00007ff970760000 - 0x00007ff9709fa000 	C:\WINDOWS\WinSxS\amd64_microsoft.windows.common-controls_6595b64144ccf1df_6.0.19041.844_none_ca00b6081b84eb1d\COMCTL32.dll
0x00007ff9805f0000 - 0x00007ff98061a000 	C:\WINDOWS\System32\GDI32.dll
0x00007ff97fe20000 - 0x00007ff97ff2b000 	C:\WINDOWS\System32\gdi32full.dll
0x00007ff981300000 - 0x00007ff98139e000 	C:\WINDOWS\System32\msvcrt.dll
0x00007ff97fb70000 - 0x00007ff97fc0d000 	C:\WINDOWS\System32\msvcp_win.dll
0x00007ff9803b0000 - 0x00007ff9803e0000 	C:\WINDOWS\System32\IMM32.DLL
0x00007ff951680000 - 0x00007ff95171d000 	D:\Program Files\JetBrains\IntelliJ IDEA 2020.1.1\jbr\bin\msvcp140.dll
0x00007ff93ce00000 - 0x00007ff93d8bd000 	D:\Program Files\JetBrains\IntelliJ IDEA 2020.1.1\jbr\bin\server\jvm.dll
0x00007ff980b00000 - 0x00007ff980bac000 	C:\WINDOWS\System32\ADVAPI32.dll
0x00007ff982270000 - 0x00007ff98230c000 	C:\WINDOWS\System32\sechost.dll
0x00007ff982010000 - 0x00007ff98213b000 	C:\WINDOWS\System32\RPCRT4.dll
0x00007ff981ae0000 - 0x00007ff981ae8000 	C:\WINDOWS\System32\PSAPI.DLL
0x00007ff97b680000 - 0x00007ff97b689000 	C:\WINDOWS\SYSTEM32\WSOCK32.dll
0x00007ff978250000 - 0x00007ff97825a000 	C:\WINDOWS\SYSTEM32\VERSION.dll
0x00007ff971b40000 - 0x00007ff971b67000 	C:\WINDOWS\SYSTEM32\WINMM.dll
0x00007ff980a90000 - 0x00007ff980afb000 	C:\WINDOWS\System32\WS2_32.dll
0x00007ff97d9f0000 - 0x00007ff97da02000 	C:\WINDOWS\SYSTEM32\kernel.appcore.dll
0x00007ff96d7c0000 - 0x00007ff96d7d1000 	D:\Program Files\JetBrains\IntelliJ IDEA 2020.1.1\jbr\bin\verify.dll
0x00007ff970a00000 - 0x00007ff970be4000 	C:\WINDOWS\SYSTEM32\DBGHELP.DLL
0x00007ff96d5b0000 - 0x00007ff96d5dc000 	C:\WINDOWS\SYSTEM32\dbgcore.DLL
0x00007ff980060000 - 0x00007ff9800e0000 	C:\WINDOWS\System32\bcryptPrimitives.dll
0x00007ff9692e0000 - 0x00007ff969309000 	D:\Program Files\JetBrains\IntelliJ IDEA 2020.1.1\jbr\bin\java.dll
0x00007ff969940000 - 0x00007ff969958000 	D:\Program Files\JetBrains\IntelliJ IDEA 2020.1.1\jbr\bin\zip.dll
0x00007ff97b030000 - 0x00007ff97b03b000 	D:\Program Files\JetBrains\IntelliJ IDEA 2020.1.1\jbr\bin\jimage.dll

dbghelp: loaded successfully - version: 4.0.5 - missing functions: none
symbol engine: initialized successfully - sym options: 0x614 - pdb path: .;D:\Program Files\JetBrains\IntelliJ IDEA 2020.1.1\jbr\bin;C:\WINDOWS\SYSTEM32;C:\WINDOWS\WinSxS\amd64_microsoft.windows.common-controls_6595b64144ccf1df_6.0.19041.844_none_ca00b6081b84eb1d;D:\Program Files\JetBrains\IntelliJ IDEA 2020.1.1\jbr\bin\server

VM Arguments:
java_command: org.jetbrains.git4idea.http.GitAskPassApp Username for 'https://gitee.com': 
java_class_path (initial): D:/Program Files/JetBrains/IntelliJ IDEA 2020.1.1/plugins/git4idea/lib/git4idea-rt.jar;D:/Program Files/JetBrains/IntelliJ IDEA 2020.1.1/lib/xmlrpc-2.0.1.jar;D:/Program Files/JetBrains/IntelliJ IDEA 2020.1.1/lib/commons-codec-1.14.jar;D:/Program Files/JetBrains/IntelliJ IDEA 2020.1.1/lib/util.jar
Launcher Type: SUN_STANDARD

[Global flags]
     intx CICompilerCount                          = 3                                         {product} {ergonomic}
     uint ConcGCThreads                            = 2                                         {product} {ergonomic}
     uint G1ConcRefinementThreads                  = 6                                         {product} {ergonomic}
   size_t G1HeapRegionSize                         = 1048576                                   {product} {ergonomic}
    uintx GCDrainStackTargetSize                   = 64                                        {product} {ergonomic}
   size_t InitialHeapSize                          = 134217728                                 {product} {ergonomic}
   size_t MarkStackSize                            = 4194304                                   {product} {ergonomic}
   size_t MaxHeapSize                              = 2118123520                                {product} {ergonomic}
   size_t MinHeapDeltaBytes                        = 1048576                                   {product} {ergonomic}
    uintx NonNMethodCodeHeapSize                   = 5830732                                {pd product} {ergonomic}
    uintx NonProfiledCodeHeapSize                  = 122913754                              {pd product} {ergonomic}
    uintx ProfiledCodeHeapSize                     = 122913754                              {pd product} {ergonomic}
    uintx ReservedCodeCacheSize                    = 251658240                              {pd product} {ergonomic}
     bool SegmentedCodeCache                       = true                                      {product} {ergonomic}
     bool UseCompressedClassPointers               = true                                 {lp64_product} {ergonomic}
     bool UseCompressedOops                        = true                                 {lp64_product} {ergonomic}
     bool UseG1GC                                  = true                                      {product} {ergonomic}
     bool UseLargePagesIndividualAllocation        = false                                  {pd product} {ergonomic}

Logging:
Log output configuration:
 #0: stdout all=warning uptime,level,tags
 #1: stderr all=off uptime,level,tags

Environment Variables:
JAVA_HOME=D:\Program Files\Java\jdk1.8.0_131\
CLASSPATH=.;D:\Program Files\Java\jdk1.8.0_131\\lib;D:\Program Files\Java\jdk1.8.0_131\\lib\tools.jar
PATH=D:\Program Files\Git\mingw64\libexec\git-core;D:\Program Files\Git\mingw64\libexec\git-core;D:\Program Files\Git\mingw64\bin;D:\Program Files\Git\usr\bin;C:\Users\吴超民\bin;C:\Program Files\MySQL\MySQL Server 8.0\bin;C:\WINDOWS\System32;C:\WINDOWS;C:\WINDOWS\System32\Wbem;C:\WINDOWS\System32\WindowsPowerShell\v1.0;D:\Program Files\Java\jdk1.8.0_131\bin;D:\Program Files\Java\jdk1.8.0_131\jre\bin;D:\Program Files\Git\cmd;D:\Program Files\Git\mingw64\bin;D:\Program Files\Git\usr\bin;D:\Users\SDK\platform-tools;D:\Users\SDK\platform;D:\Users\SDK\tools;D:\Tomcat\apache-tomcat-9.0.37\bin;D:\VS-code\mingw64\bin;C:\WINDOWS\system32;C:\WINDOWS\System32\OpenSSH;C:\Users\吴超民\AppData\Local\Microsoft\WindowsApps;C:\Program Files\Bandizip;D:\Program Files\JetBrains\IntelliJ IDEA 2020.1.1\bin;D:\Users\47217\AppData\Local\Programs\Microsoft VS Code\bin
USERNAME=吴超民
DISPLAY=:0.0
OS=Windows_NT
PROCESSOR_IDENTIFIER=Intel64 Family 6 Model 158 Stepping 10, GenuineIntel



---------------  S Y S T E M  ---------------

OS: Windows 10 , 64 bit Build 19041 (10.0.19041.804)

CPU:total 6 (initial active 6) (6 cores per cpu, 1 threads per core) family 6 model 158 stepping 10, cmov, cx8, fxsr, mmx, sse, sse2, sse3, ssse3, sse4.1, sse4.2, popcnt, avx, avx2, aes, clmul, erms, 3dnowpref, lzcnt, tsc, tscinvbit, bmi1, bmi2, adx, fma

Memory: 4k page, system-wide physical 8072M (967M free)
TotalPageFile size 20798M (AvailPageFile size 123M)
current process WorkingSet (physical memory assigned to process): 10M, peak: 10M
current process commit charge ("private bytes"): 55M, peak: 183M

vm_info: OpenJDK 64-Bit Server VM (11.0.6+8-b765.40) for windows-amd64 JRE (11.0.6+8-b765.40), built on Apr 20 2020 14:37:21 by "" with MS VC++ 14.0 (VS2015)

END.
